Internal Server Error: /ru/dokumenty/
Traceback (most recent call last):
  File "/home/kalinins/.virtualenvs/blogik5/local/lib/python2.7/site-packages/django/core/handlers/base.py", line 137, in get_response
    response = response.render()
  File "/home/kalinins/.virtualenvs/blogik5/local/lib/python2.7/site-packages/django/template/response.py", line 105, in render
    self.content = self.rendered_content
  File "/home/kalinins/.virtualenvs/blogik5/local/lib/python2.7/site-packages/django/template/response.py", line 80, in rendered_content
    template = self.resolve_template(self.template_name)
  File "/home/kalinins/.virtualenvs/blogik5/local/lib/python2.7/site-packages/django/template/response.py", line 58, in resolve_template
    return loader.get_template(template)
  File "/home/kalinins/.virtualenvs/blogik5/local/lib/python2.7/site-packages/django/template/loader.py", line 138, in get_template
    template, origin = find_template(template_name)
  File "/home/kalinins/.virtualenvs/blogik5/local/lib/python2.7/site-packages/django/template/loader.py", line 127, in find_template
    source, display_name = loader(name, dirs)
  File "/home/kalinins/.virtualenvs/blogik5/local/lib/python2.7/site-packages/django/template/loader.py", line 43, in __call__
    return self.load_template(template_name, template_dirs)
  File "/home/kalinins/.virtualenvs/blogik5/local/lib/python2.7/site-packages/django/template/loader.py", line 49, in load_template
    template = get_template_from_string(source, origin, template_name)
  File "/home/kalinins/.virtualenvs/blogik5/local/lib/python2.7/site-packages/django/template/loader.py", line 149, in get_template_from_string
    return Template(source, origin, name)
  File "/home/kalinins/.virtualenvs/blogik5/local/lib/python2.7/site-packages/django/template/base.py", line 125, in __init__
    self.nodelist = compile_string(template_string, origin)
  File "/home/kalinins/.virtualenvs/blogik5/local/lib/python2.7/site-packages/django/template/base.py", line 153, in compile_string
    return parser.parse()
  File "/home/kalinins/.virtualenvs/blogik5/local/lib/python2.7/site-packages/django/template/base.py", line 278, in parse
    compiled_result = compile_func(self, token)
  File "/home/kalinins/.virtualenvs/blogik5/local/lib/python2.7/site-packages/django/template/loader_tags.py", line 215, in do_extends
    nodelist = parser.parse()
  File "/home/kalinins/.virtualenvs/blogik5/local/lib/python2.7/site-packages/django/template/base.py", line 278, in parse
    compiled_result = compile_func(self, token)
  File "/home/kalinins/.virtualenvs/blogik5/local/lib/python2.7/site-packages/django/template/defaulttags.py", line 1084, in load
    (taglib, e))
TemplateSyntaxError: 'tags_blogik5' is not a valid tag library: Template library tags_blogik5 not found, tried django.templatetags.tags_blogik5,django.contrib.admin.templatetags.tags_blogik5,django.contrib.staticfiles.templatetags.tags_blogik5,cms.templatetags.tags_blogik5,mptt.templatetags.tags_blogik5,menus.templatetags.tags_blogik5,sekizai.templatetags.tags_blogik5
Internal Server Error: /ru/dokumenty/
Traceback (most recent call last):
  File "/home/kalinins/.virtualenvs/blogik5/local/lib/python2.7/site-packages/django/core/handlers/base.py", line 137, in get_response
    response = response.render()
  File "/home/kalinins/.virtualenvs/blogik5/local/lib/python2.7/site-packages/django/template/response.py", line 105, in render
    self.content = self.rendered_content
  File "/home/kalinins/.virtualenvs/blogik5/local/lib/python2.7/site-packages/django/template/response.py", line 80, in rendered_content
    template = self.resolve_template(self.template_name)
  File "/home/kalinins/.virtualenvs/blogik5/local/lib/python2.7/site-packages/django/template/response.py", line 58, in resolve_template
    return loader.get_template(template)
  File "/home/kalinins/.virtualenvs/blogik5/local/lib/python2.7/site-packages/django/template/loader.py", line 138, in get_template
    template, origin = find_template(template_name)
  File "/home/kalinins/.virtualenvs/blogik5/local/lib/python2.7/site-packages/django/template/loader.py", line 127, in find_template
    source, display_name = loader(name, dirs)
  File "/home/kalinins/.virtualenvs/blogik5/local/lib/python2.7/site-packages/django/template/loader.py", line 43, in __call__
    return self.load_template(template_name, template_dirs)
  File "/home/kalinins/.virtualenvs/blogik5/local/lib/python2.7/site-packages/django/template/loader.py", line 49, in load_template
    template = get_template_from_string(source, origin, template_name)
  File "/home/kalinins/.virtualenvs/blogik5/local/lib/python2.7/site-packages/django/template/loader.py", line 149, in get_template_from_string
    return Template(source, origin, name)
  File "/home/kalinins/.virtualenvs/blogik5/local/lib/python2.7/site-packages/django/template/base.py", line 125, in __init__
    self.nodelist = compile_string(template_string, origin)
  File "/home/kalinins/.virtualenvs/blogik5/local/lib/python2.7/site-packages/django/template/base.py", line 153, in compile_string
    return parser.parse()
  File "/home/kalinins/.virtualenvs/blogik5/local/lib/python2.7/site-packages/django/template/base.py", line 278, in parse
    compiled_result = compile_func(self, token)
  File "/home/kalinins/.virtualenvs/blogik5/local/lib/python2.7/site-packages/django/template/loader_tags.py", line 215, in do_extends
    nodelist = parser.parse()
  File "/home/kalinins/.virtualenvs/blogik5/local/lib/python2.7/site-packages/django/template/base.py", line 278, in parse
    compiled_result = compile_func(self, token)
  File "/home/kalinins/.virtualenvs/blogik5/local/lib/python2.7/site-packages/django/template/defaulttags.py", line 1084, in load
    (taglib, e))
TemplateSyntaxError: 'tags_blogik5' is not a valid tag library: Template library tags_blogik5 not found, tried django.templatetags.tags_blogik5,django.contrib.admin.templatetags.tags_blogik5,django.contrib.staticfiles.templatetags.tags_blogik5,cms.templatetags.tags_blogik5,mptt.templatetags.tags_blogik5,menus.templatetags.tags_blogik5,sekizai.templatetags.tags_blogik5
Internal Server Error: /ru/dokumenty/
Traceback (most recent call last):
  File "/home/kalinins/.virtualenvs/blogik5/local/lib/python2.7/site-packages/django/core/handlers/base.py", line 137, in get_response
    response = response.render()
  File "/home/kalinins/.virtualenvs/blogik5/local/lib/python2.7/site-packages/django/template/response.py", line 105, in render
    self.content = self.rendered_content
  File "/home/kalinins/.virtualenvs/blogik5/local/lib/python2.7/site-packages/django/template/response.py", line 80, in rendered_content
    template = self.resolve_template(self.template_name)
  File "/home/kalinins/.virtualenvs/blogik5/local/lib/python2.7/site-packages/django/template/response.py", line 58, in resolve_template
    return loader.get_template(template)
  File "/home/kalinins/.virtualenvs/blogik5/local/lib/python2.7/site-packages/django/template/loader.py", line 138, in get_template
    template, origin = find_template(template_name)
  File "/home/kalinins/.virtualenvs/blogik5/local/lib/python2.7/site-packages/django/template/loader.py", line 127, in find_template
    source, display_name = loader(name, dirs)
  File "/home/kalinins/.virtualenvs/blogik5/local/lib/python2.7/site-packages/django/template/loader.py", line 43, in __call__
    return self.load_template(template_name, template_dirs)
  File "/home/kalinins/.virtualenvs/blogik5/local/lib/python2.7/site-packages/django/template/loader.py", line 49, in load_template
    template = get_template_from_string(source, origin, template_name)
  File "/home/kalinins/.virtualenvs/blogik5/local/lib/python2.7/site-packages/django/template/loader.py", line 149, in get_template_from_string
    return Template(source, origin, name)
  File "/home/kalinins/.virtualenvs/blogik5/local/lib/python2.7/site-packages/django/template/base.py", line 125, in __init__
    self.nodelist = compile_string(template_string, origin)
  File "/home/kalinins/.virtualenvs/blogik5/local/lib/python2.7/site-packages/django/template/base.py", line 153, in compile_string
    return parser.parse()
  File "/home/kalinins/.virtualenvs/blogik5/local/lib/python2.7/site-packages/django/template/base.py", line 278, in parse
    compiled_result = compile_func(self, token)
  File "/home/kalinins/.virtualenvs/blogik5/local/lib/python2.7/site-packages/django/template/loader_tags.py", line 215, in do_extends
    nodelist = parser.parse()
  File "/home/kalinins/.virtualenvs/blogik5/local/lib/python2.7/site-packages/django/template/base.py", line 278, in parse
    compiled_result = compile_func(self, token)
  File "/home/kalinins/.virtualenvs/blogik5/local/lib/python2.7/site-packages/django/template/defaulttags.py", line 1084, in load
    (taglib, e))
TemplateSyntaxError: 'tags_blogik5' is not a valid tag library: Template library tags_blogik5 not found, tried django.templatetags.tags_blogik5,django.contrib.admin.templatetags.tags_blogik5,django.contrib.staticfiles.templatetags.tags_blogik5,cms.templatetags.tags_blogik5,mptt.templatetags.tags_blogik5,menus.templatetags.tags_blogik5,sekizai.templatetags.tags_blogik5
Internal Server Error: /ru/dokumenty/
Traceback (most recent call last):
  File "/home/kalinins/.virtualenvs/blogik5/local/lib/python2.7/site-packages/django/core/handlers/base.py", line 137, in get_response
    response = response.render()
  File "/home/kalinins/.virtualenvs/blogik5/local/lib/python2.7/site-packages/django/template/response.py", line 105, in render
    self.content = self.rendered_content
  File "/home/kalinins/.virtualenvs/blogik5/local/lib/python2.7/site-packages/django/template/response.py", line 80, in rendered_content
    template = self.resolve_template(self.template_name)
  File "/home/kalinins/.virtualenvs/blogik5/local/lib/python2.7/site-packages/django/template/response.py", line 58, in resolve_template
    return loader.get_template(template)
  File "/home/kalinins/.virtualenvs/blogik5/local/lib/python2.7/site-packages/django/template/loader.py", line 138, in get_template
    template, origin = find_template(template_name)
  File "/home/kalinins/.virtualenvs/blogik5/local/lib/python2.7/site-packages/django/template/loader.py", line 127, in find_template
    source, display_name = loader(name, dirs)
  File "/home/kalinins/.virtualenvs/blogik5/local/lib/python2.7/site-packages/django/template/loader.py", line 43, in __call__
    return self.load_template(template_name, template_dirs)
  File "/home/kalinins/.virtualenvs/blogik5/local/lib/python2.7/site-packages/django/template/loader.py", line 49, in load_template
    template = get_template_from_string(source, origin, template_name)
  File "/home/kalinins/.virtualenvs/blogik5/local/lib/python2.7/site-packages/django/template/loader.py", line 149, in get_template_from_string
    return Template(source, origin, name)
  File "/home/kalinins/.virtualenvs/blogik5/local/lib/python2.7/site-packages/django/template/base.py", line 125, in __init__
    self.nodelist = compile_string(template_string, origin)
  File "/home/kalinins/.virtualenvs/blogik5/local/lib/python2.7/site-packages/django/template/base.py", line 153, in compile_string
    return parser.parse()
  File "/home/kalinins/.virtualenvs/blogik5/local/lib/python2.7/site-packages/django/template/base.py", line 278, in parse
    compiled_result = compile_func(self, token)
  File "/home/kalinins/.virtualenvs/blogik5/local/lib/python2.7/site-packages/django/template/loader_tags.py", line 215, in do_extends
    nodelist = parser.parse()
  File "/home/kalinins/.virtualenvs/blogik5/local/lib/python2.7/site-packages/django/template/base.py", line 278, in parse
    compiled_result = compile_func(self, token)
  File "/home/kalinins/.virtualenvs/blogik5/local/lib/python2.7/site-packages/django/template/defaulttags.py", line 1084, in load
    (taglib, e))
TemplateSyntaxError: 'tags_blogik5' is not a valid tag library: Template library tags_blogik5 not found, tried django.templatetags.tags_blogik5,django.contrib.admin.templatetags.tags_blogik5,django.contrib.staticfiles.templatetags.tags_blogik5,cms.templatetags.tags_blogik5,mptt.templatetags.tags_blogik5,menus.templatetags.tags_blogik5,sekizai.templatetags.tags_blogik5
Internal Server Error: /ru/dokumenty/
Traceback (most recent call last):
  File "/home/kalinins/.virtualenvs/blogik5/local/lib/python2.7/site-packages/django/core/handlers/base.py", line 137, in get_response
    response = response.render()
  File "/home/kalinins/.virtualenvs/blogik5/local/lib/python2.7/site-packages/django/template/response.py", line 105, in render
    self.content = self.rendered_content
  File "/home/kalinins/.virtualenvs/blogik5/local/lib/python2.7/site-packages/django/template/response.py", line 80, in rendered_content
    template = self.resolve_template(self.template_name)
  File "/home/kalinins/.virtualenvs/blogik5/local/lib/python2.7/site-packages/django/template/response.py", line 58, in resolve_template
    return loader.get_template(template)
  File "/home/kalinins/.virtualenvs/blogik5/local/lib/python2.7/site-packages/django/template/loader.py", line 138, in get_template
    template, origin = find_template(template_name)
  File "/home/kalinins/.virtualenvs/blogik5/local/lib/python2.7/site-packages/django/template/loader.py", line 127, in find_template
    source, display_name = loader(name, dirs)
  File "/home/kalinins/.virtualenvs/blogik5/local/lib/python2.7/site-packages/django/template/loader.py", line 43, in __call__
    return self.load_template(template_name, template_dirs)
  File "/home/kalinins/.virtualenvs/blogik5/local/lib/python2.7/site-packages/django/template/loader.py", line 49, in load_template
    template = get_template_from_string(source, origin, template_name)
  File "/home/kalinins/.virtualenvs/blogik5/local/lib/python2.7/site-packages/django/template/loader.py", line 149, in get_template_from_string
    return Template(source, origin, name)
  File "/home/kalinins/.virtualenvs/blogik5/local/lib/python2.7/site-packages/django/template/base.py", line 125, in __init__
    self.nodelist = compile_string(template_string, origin)
  File "/home/kalinins/.virtualenvs/blogik5/local/lib/python2.7/site-packages/django/template/base.py", line 153, in compile_string
    return parser.parse()
  File "/home/kalinins/.virtualenvs/blogik5/local/lib/python2.7/site-packages/django/template/base.py", line 278, in parse
    compiled_result = compile_func(self, token)
  File "/home/kalinins/.virtualenvs/blogik5/local/lib/python2.7/site-packages/django/template/loader_tags.py", line 215, in do_extends
    nodelist = parser.parse()
  File "/home/kalinins/.virtualenvs/blogik5/local/lib/python2.7/site-packages/django/template/base.py", line 278, in parse
    compiled_result = compile_func(self, token)
  File "/home/kalinins/.virtualenvs/blogik5/local/lib/python2.7/site-packages/django/template/defaulttags.py", line 1084, in load
    (taglib, e))
TemplateSyntaxError: 'tags_blogik5' is not a valid tag library: Template library tags_blogik5 not found, tried django.templatetags.tags_blogik5,django.contrib.admin.templatetags.tags_blogik5,django.contrib.staticfiles.templatetags.tags_blogik5,cms.templatetags.tags_blogik5,mptt.templatetags.tags_blogik5,menus.templatetags.tags_blogik5,sekizai.templatetags.tags_blogik5
Internal Server Error: /ru/dokumenty/
Traceback (most recent call last):
  File "/home/kalinins/.virtualenvs/blogik5/local/lib/python2.7/site-packages/django/core/handlers/base.py", line 137, in get_response
    response = response.render()
  File "/home/kalinins/.virtualenvs/blogik5/local/lib/python2.7/site-packages/django/template/response.py", line 105, in render
    self.content = self.rendered_content
  File "/home/kalinins/.virtualenvs/blogik5/local/lib/python2.7/site-packages/django/template/response.py", line 80, in rendered_content
    template = self.resolve_template(self.template_name)
  File "/home/kalinins/.virtualenvs/blogik5/local/lib/python2.7/site-packages/django/template/response.py", line 58, in resolve_template
    return loader.get_template(template)
  File "/home/kalinins/.virtualenvs/blogik5/local/lib/python2.7/site-packages/django/template/loader.py", line 138, in get_template
    template, origin = find_template(template_name)
  File "/home/kalinins/.virtualenvs/blogik5/local/lib/python2.7/site-packages/django/template/loader.py", line 127, in find_template
    source, display_name = loader(name, dirs)
  File "/home/kalinins/.virtualenvs/blogik5/local/lib/python2.7/site-packages/django/template/loader.py", line 43, in __call__
    return self.load_template(template_name, template_dirs)
  File "/home/kalinins/.virtualenvs/blogik5/local/lib/python2.7/site-packages/django/template/loader.py", line 49, in load_template
    template = get_template_from_string(source, origin, template_name)
  File "/home/kalinins/.virtualenvs/blogik5/local/lib/python2.7/site-packages/django/template/loader.py", line 149, in get_template_from_string
    return Template(source, origin, name)
  File "/home/kalinins/.virtualenvs/blogik5/local/lib/python2.7/site-packages/django/template/base.py", line 125, in __init__
    self.nodelist = compile_string(template_string, origin)
  File "/home/kalinins/.virtualenvs/blogik5/local/lib/python2.7/site-packages/django/template/base.py", line 153, in compile_string
    return parser.parse()
  File "/home/kalinins/.virtualenvs/blogik5/local/lib/python2.7/site-packages/django/template/base.py", line 278, in parse
    compiled_result = compile_func(self, token)
  File "/home/kalinins/.virtualenvs/blogik5/local/lib/python2.7/site-packages/django/template/loader_tags.py", line 215, in do_extends
    nodelist = parser.parse()
  File "/home/kalinins/.virtualenvs/blogik5/local/lib/python2.7/site-packages/django/template/base.py", line 278, in parse
    compiled_result = compile_func(self, token)
  File "/home/kalinins/.virtualenvs/blogik5/local/lib/python2.7/site-packages/django/template/defaulttags.py", line 1084, in load
    (taglib, e))
TemplateSyntaxError: 'tags_blogik5' is not a valid tag library: Template library tags_blogik5 not found, tried django.templatetags.tags_blogik5,django.contrib.admin.templatetags.tags_blogik5,django.contrib.staticfiles.templatetags.tags_blogik5,cms.templatetags.tags_blogik5,mptt.templatetags.tags_blogik5,menus.templatetags.tags_blogik5,sekizai.templatetags.tags_blogik5
Internal Server Error: /ru/dokumenty/
Traceback (most recent call last):
  File "/home/kalinins/.virtualenvs/blogik5/local/lib/python2.7/site-packages/django/core/handlers/base.py", line 137, in get_response
    response = response.render()
  File "/home/kalinins/.virtualenvs/blogik5/local/lib/python2.7/site-packages/django/template/response.py", line 105, in render
    self.content = self.rendered_content
  File "/home/kalinins/.virtualenvs/blogik5/local/lib/python2.7/site-packages/django/template/response.py", line 80, in rendered_content
    template = self.resolve_template(self.template_name)
  File "/home/kalinins/.virtualenvs/blogik5/local/lib/python2.7/site-packages/django/template/response.py", line 58, in resolve_template
    return loader.get_template(template)
  File "/home/kalinins/.virtualenvs/blogik5/local/lib/python2.7/site-packages/django/template/loader.py", line 138, in get_template
    template, origin = find_template(template_name)
  File "/home/kalinins/.virtualenvs/blogik5/local/lib/python2.7/site-packages/django/template/loader.py", line 127, in find_template
    source, display_name = loader(name, dirs)
  File "/home/kalinins/.virtualenvs/blogik5/local/lib/python2.7/site-packages/django/template/loader.py", line 43, in __call__
    return self.load_template(template_name, template_dirs)
  File "/home/kalinins/.virtualenvs/blogik5/local/lib/python2.7/site-packages/django/template/loader.py", line 49, in load_template
    template = get_template_from_string(source, origin, template_name)
  File "/home/kalinins/.virtualenvs/blogik5/local/lib/python2.7/site-packages/django/template/loader.py", line 149, in get_template_from_string
    return Template(source, origin, name)
  File "/home/kalinins/.virtualenvs/blogik5/local/lib/python2.7/site-packages/django/template/base.py", line 125, in __init__
    self.nodelist = compile_string(template_string, origin)
  File "/home/kalinins/.virtualenvs/blogik5/local/lib/python2.7/site-packages/django/template/base.py", line 153, in compile_string
    return parser.parse()
  File "/home/kalinins/.virtualenvs/blogik5/local/lib/python2.7/site-packages/django/template/base.py", line 278, in parse
    compiled_result = compile_func(self, token)
  File "/home/kalinins/.virtualenvs/blogik5/local/lib/python2.7/site-packages/django/template/loader_tags.py", line 215, in do_extends
    nodelist = parser.parse()
  File "/home/kalinins/.virtualenvs/blogik5/local/lib/python2.7/site-packages/django/template/base.py", line 278, in parse
    compiled_result = compile_func(self, token)
  File "/home/kalinins/.virtualenvs/blogik5/local/lib/python2.7/site-packages/django/template/defaulttags.py", line 1084, in load
    (taglib, e))
TemplateSyntaxError: 'tags_blogik5' is not a valid tag library: Template library tags_blogik5 not found, tried django.templatetags.tags_blogik5,django.contrib.admin.templatetags.tags_blogik5,django.contrib.staticfiles.templatetags.tags_blogik5,cms.templatetags.tags_blogik5,mptt.templatetags.tags_blogik5,menus.templatetags.tags_blogik5,sekizai.templatetags.tags_blogik5
Internal Server Error: /ru/dokumenty/
Traceback (most recent call last):
  File "/home/kalinins/.virtualenvs/blogik5/local/lib/python2.7/site-packages/django/core/handlers/base.py", line 137, in get_response
    response = response.render()
  File "/home/kalinins/.virtualenvs/blogik5/local/lib/python2.7/site-packages/django/template/response.py", line 105, in render
    self.content = self.rendered_content
  File "/home/kalinins/.virtualenvs/blogik5/local/lib/python2.7/site-packages/django/template/response.py", line 80, in rendered_content
    template = self.resolve_template(self.template_name)
  File "/home/kalinins/.virtualenvs/blogik5/local/lib/python2.7/site-packages/django/template/response.py", line 58, in resolve_template
    return loader.get_template(template)
  File "/home/kalinins/.virtualenvs/blogik5/local/lib/python2.7/site-packages/django/template/loader.py", line 138, in get_template
    template, origin = find_template(template_name)
  File "/home/kalinins/.virtualenvs/blogik5/local/lib/python2.7/site-packages/django/template/loader.py", line 127, in find_template
    source, display_name = loader(name, dirs)
  File "/home/kalinins/.virtualenvs/blogik5/local/lib/python2.7/site-packages/django/template/loader.py", line 43, in __call__
    return self.load_template(template_name, template_dirs)
  File "/home/kalinins/.virtualenvs/blogik5/local/lib/python2.7/site-packages/django/template/loader.py", line 49, in load_template
    template = get_template_from_string(source, origin, template_name)
  File "/home/kalinins/.virtualenvs/blogik5/local/lib/python2.7/site-packages/django/template/loader.py", line 149, in get_template_from_string
    return Template(source, origin, name)
  File "/home/kalinins/.virtualenvs/blogik5/local/lib/python2.7/site-packages/django/template/base.py", line 125, in __init__
    self.nodelist = compile_string(template_string, origin)
  File "/home/kalinins/.virtualenvs/blogik5/local/lib/python2.7/site-packages/django/template/base.py", line 153, in compile_string
    return parser.parse()
  File "/home/kalinins/.virtualenvs/blogik5/local/lib/python2.7/site-packages/django/template/base.py", line 278, in parse
    compiled_result = compile_func(self, token)
  File "/home/kalinins/.virtualenvs/blogik5/local/lib/python2.7/site-packages/django/template/loader_tags.py", line 215, in do_extends
    nodelist = parser.parse()
  File "/home/kalinins/.virtualenvs/blogik5/local/lib/python2.7/site-packages/django/template/base.py", line 278, in parse
    compiled_result = compile_func(self, token)
  File "/home/kalinins/.virtualenvs/blogik5/local/lib/python2.7/site-packages/django/template/defaulttags.py", line 1084, in load
    (taglib, e))
TemplateSyntaxError: 'tags_blogik5' is not a valid tag library: Template library tags_blogik5 not found, tried django.templatetags.tags_blogik5,django.contrib.admin.templatetags.tags_blogik5,django.contrib.staticfiles.templatetags.tags_blogik5,cms.templatetags.tags_blogik5,mptt.templatetags.tags_blogik5,menus.templatetags.tags_blogik5,sekizai.templatetags.tags_blogik5
Internal Server Error: /ru/dokumenty/
Traceback (most recent call last):
  File "/home/kalinins/.virtualenvs/blogik5/local/lib/python2.7/site-packages/django/core/handlers/base.py", line 137, in get_response
    response = response.render()
  File "/home/kalinins/.virtualenvs/blogik5/local/lib/python2.7/site-packages/django/template/response.py", line 105, in render
    self.content = self.rendered_content
  File "/home/kalinins/.virtualenvs/blogik5/local/lib/python2.7/site-packages/django/template/response.py", line 80, in rendered_content
    template = self.resolve_template(self.template_name)
  File "/home/kalinins/.virtualenvs/blogik5/local/lib/python2.7/site-packages/django/template/response.py", line 58, in resolve_template
    return loader.get_template(template)
  File "/home/kalinins/.virtualenvs/blogik5/local/lib/python2.7/site-packages/django/template/loader.py", line 138, in get_template
    template, origin = find_template(template_name)
  File "/home/kalinins/.virtualenvs/blogik5/local/lib/python2.7/site-packages/django/template/loader.py", line 127, in find_template
    source, display_name = loader(name, dirs)
  File "/home/kalinins/.virtualenvs/blogik5/local/lib/python2.7/site-packages/django/template/loader.py", line 43, in __call__
    return self.load_template(template_name, template_dirs)
  File "/home/kalinins/.virtualenvs/blogik5/local/lib/python2.7/site-packages/django/template/loader.py", line 49, in load_template
    template = get_template_from_string(source, origin, template_name)
  File "/home/kalinins/.virtualenvs/blogik5/local/lib/python2.7/site-packages/django/template/loader.py", line 149, in get_template_from_string
    return Template(source, origin, name)
  File "/home/kalinins/.virtualenvs/blogik5/local/lib/python2.7/site-packages/django/template/base.py", line 125, in __init__
    self.nodelist = compile_string(template_string, origin)
  File "/home/kalinins/.virtualenvs/blogik5/local/lib/python2.7/site-packages/django/template/base.py", line 153, in compile_string
    return parser.parse()
  File "/home/kalinins/.virtualenvs/blogik5/local/lib/python2.7/site-packages/django/template/base.py", line 278, in parse
    compiled_result = compile_func(self, token)
  File "/home/kalinins/.virtualenvs/blogik5/local/lib/python2.7/site-packages/django/template/loader_tags.py", line 215, in do_extends
    nodelist = parser.parse()
  File "/home/kalinins/.virtualenvs/blogik5/local/lib/python2.7/site-packages/django/template/base.py", line 278, in parse
    compiled_result = compile_func(self, token)
  File "/home/kalinins/.virtualenvs/blogik5/local/lib/python2.7/site-packages/django/template/defaulttags.py", line 1084, in load
    (taglib, e))
TemplateSyntaxError: 'tags_blogik5' is not a valid tag library: Template library tags_blogik5 not found, tried django.templatetags.tags_blogik5,django.contrib.admin.templatetags.tags_blogik5,django.contrib.staticfiles.templatetags.tags_blogik5,cms.templatetags.tags_blogik5,mptt.templatetags.tags_blogik5,menus.templatetags.tags_blogik5,sekizai.templatetags.tags_blogik5
Internal Server Error: /ru/
Traceback (most recent call last):
  File "/home/kalinins/.virtualenvs/blogik5/local/lib/python2.7/site-packages/django/core/handlers/base.py", line 137, in get_response
    response = response.render()
  File "/home/kalinins/.virtualenvs/blogik5/local/lib/python2.7/site-packages/django/template/response.py", line 105, in render
    self.content = self.rendered_content
  File "/home/kalinins/.virtualenvs/blogik5/local/lib/python2.7/site-packages/django/template/response.py", line 82, in rendered_content
    content = template.render(context)
  File "/home/kalinins/.virtualenvs/blogik5/local/lib/python2.7/site-packages/django/template/base.py", line 140, in render
    return self._render(context)
  File "/home/kalinins/.virtualenvs/blogik5/local/lib/python2.7/site-packages/django/template/base.py", line 134, in _render
    return self.nodelist.render(context)
  File "/home/kalinins/.virtualenvs/blogik5/local/lib/python2.7/site-packages/django/template/base.py", line 840, in render
    bit = self.render_node(node, context)
  File "/home/kalinins/.virtualenvs/blogik5/local/lib/python2.7/site-packages/django/template/debug.py", line 78, in render_node
    return node.render(context)
  File "/home/kalinins/.virtualenvs/blogik5/local/lib/python2.7/site-packages/django/template/loader_tags.py", line 101, in render
    compiled_parent = self.get_parent(context)
  File "/home/kalinins/.virtualenvs/blogik5/local/lib/python2.7/site-packages/django/template/loader_tags.py", line 98, in get_parent
    return get_template(parent)
  File "/home/kalinins/.virtualenvs/blogik5/local/lib/python2.7/site-packages/django/template/loader.py", line 138, in get_template
    template, origin = find_template(template_name)
  File "/home/kalinins/.virtualenvs/blogik5/local/lib/python2.7/site-packages/django/template/loader.py", line 127, in find_template
    source, display_name = loader(name, dirs)
  File "/home/kalinins/.virtualenvs/blogik5/local/lib/python2.7/site-packages/django/template/loader.py", line 43, in __call__
    return self.load_template(template_name, template_dirs)
  File "/home/kalinins/.virtualenvs/blogik5/local/lib/python2.7/site-packages/django/template/loader.py", line 49, in load_template
    template = get_template_from_string(source, origin, template_name)
  File "/home/kalinins/.virtualenvs/blogik5/local/lib/python2.7/site-packages/django/template/loader.py", line 149, in get_template_from_string
    return Template(source, origin, name)
  File "/home/kalinins/.virtualenvs/blogik5/local/lib/python2.7/site-packages/django/template/base.py", line 125, in __init__
    self.nodelist = compile_string(template_string, origin)
  File "/home/kalinins/.virtualenvs/blogik5/local/lib/python2.7/site-packages/django/template/base.py", line 153, in compile_string
    return parser.parse()
  File "/home/kalinins/.virtualenvs/blogik5/local/lib/python2.7/site-packages/django/template/base.py", line 278, in parse
    compiled_result = compile_func(self, token)
  File "/home/kalinins/.virtualenvs/blogik5/local/lib/python2.7/site-packages/django/template/defaulttags.py", line 1084, in load
    (taglib, e))
TemplateSyntaxError: 'tags_blogik5' is not a valid tag library: Template library tags_blogik5 not found, tried django.templatetags.tags_blogik5,django.contrib.admin.templatetags.tags_blogik5,django.contrib.staticfiles.templatetags.tags_blogik5,cms.templatetags.tags_blogik5,mptt.templatetags.tags_blogik5,menus.templatetags.tags_blogik5,sekizai.templatetags.tags_blogik5
Internal Server Error: /ru/
Traceback (most recent call last):
  File "/home/kalinins/.virtualenvs/blogik5/local/lib/python2.7/site-packages/django/core/handlers/base.py", line 137, in get_response
    response = response.render()
  File "/home/kalinins/.virtualenvs/blogik5/local/lib/python2.7/site-packages/django/template/response.py", line 105, in render
    self.content = self.rendered_content
  File "/home/kalinins/.virtualenvs/blogik5/local/lib/python2.7/site-packages/django/template/response.py", line 82, in rendered_content
    content = template.render(context)
  File "/home/kalinins/.virtualenvs/blogik5/local/lib/python2.7/site-packages/django/template/base.py", line 140, in render
    return self._render(context)
  File "/home/kalinins/.virtualenvs/blogik5/local/lib/python2.7/site-packages/django/template/base.py", line 134, in _render
    return self.nodelist.render(context)
  File "/home/kalinins/.virtualenvs/blogik5/local/lib/python2.7/site-packages/django/template/base.py", line 840, in render
    bit = self.render_node(node, context)
  File "/home/kalinins/.virtualenvs/blogik5/local/lib/python2.7/site-packages/django/template/debug.py", line 78, in render_node
    return node.render(context)
  File "/home/kalinins/.virtualenvs/blogik5/local/lib/python2.7/site-packages/django/template/loader_tags.py", line 101, in render
    compiled_parent = self.get_parent(context)
  File "/home/kalinins/.virtualenvs/blogik5/local/lib/python2.7/site-packages/django/template/loader_tags.py", line 98, in get_parent
    return get_template(parent)
  File "/home/kalinins/.virtualenvs/blogik5/local/lib/python2.7/site-packages/django/template/loader.py", line 138, in get_template
    template, origin = find_template(template_name)
  File "/home/kalinins/.virtualenvs/blogik5/local/lib/python2.7/site-packages/django/template/loader.py", line 127, in find_template
    source, display_name = loader(name, dirs)
  File "/home/kalinins/.virtualenvs/blogik5/local/lib/python2.7/site-packages/django/template/loader.py", line 43, in __call__
    return self.load_template(template_name, template_dirs)
  File "/home/kalinins/.virtualenvs/blogik5/local/lib/python2.7/site-packages/django/template/loader.py", line 49, in load_template
    template = get_template_from_string(source, origin, template_name)
  File "/home/kalinins/.virtualenvs/blogik5/local/lib/python2.7/site-packages/django/template/loader.py", line 149, in get_template_from_string
    return Template(source, origin, name)
  File "/home/kalinins/.virtualenvs/blogik5/local/lib/python2.7/site-packages/django/template/base.py", line 125, in __init__
    self.nodelist = compile_string(template_string, origin)
  File "/home/kalinins/.virtualenvs/blogik5/local/lib/python2.7/site-packages/django/template/base.py", line 153, in compile_string
    return parser.parse()
  File "/home/kalinins/.virtualenvs/blogik5/local/lib/python2.7/site-packages/django/template/base.py", line 278, in parse
    compiled_result = compile_func(self, token)
  File "/home/kalinins/.virtualenvs/blogik5/local/lib/python2.7/site-packages/django/template/defaulttags.py", line 1084, in load
    (taglib, e))
TemplateSyntaxError: 'tags_blogik5' is not a valid tag library: Template library tags_blogik5 not found, tried django.templatetags.tags_blogik5,django.contrib.admin.templatetags.tags_blogik5,django.contrib.staticfiles.templatetags.tags_blogik5,cms.templatetags.tags_blogik5,mptt.templatetags.tags_blogik5,menus.templatetags.tags_blogik5,sekizai.templatetags.tags_blogik5
Internal Server Error: /ru/
Traceback (most recent call last):
  File "/home/kalinins/.virtualenvs/blogik5/local/lib/python2.7/site-packages/django/core/handlers/base.py", line 137, in get_response
    response = response.render()
  File "/home/kalinins/.virtualenvs/blogik5/local/lib/python2.7/site-packages/django/template/response.py", line 105, in render
    self.content = self.rendered_content
  File "/home/kalinins/.virtualenvs/blogik5/local/lib/python2.7/site-packages/django/template/response.py", line 82, in rendered_content
    content = template.render(context)
  File "/home/kalinins/.virtualenvs/blogik5/local/lib/python2.7/site-packages/django/template/base.py", line 140, in render
    return self._render(context)
  File "/home/kalinins/.virtualenvs/blogik5/local/lib/python2.7/site-packages/django/template/base.py", line 134, in _render
    return self.nodelist.render(context)
  File "/home/kalinins/.virtualenvs/blogik5/local/lib/python2.7/site-packages/django/template/base.py", line 840, in render
    bit = self.render_node(node, context)
  File "/home/kalinins/.virtualenvs/blogik5/local/lib/python2.7/site-packages/django/template/debug.py", line 78, in render_node
    return node.render(context)
  File "/home/kalinins/.virtualenvs/blogik5/local/lib/python2.7/site-packages/django/template/loader_tags.py", line 101, in render
    compiled_parent = self.get_parent(context)
  File "/home/kalinins/.virtualenvs/blogik5/local/lib/python2.7/site-packages/django/template/loader_tags.py", line 98, in get_parent
    return get_template(parent)
  File "/home/kalinins/.virtualenvs/blogik5/local/lib/python2.7/site-packages/django/template/loader.py", line 138, in get_template
    template, origin = find_template(template_name)
  File "/home/kalinins/.virtualenvs/blogik5/local/lib/python2.7/site-packages/django/template/loader.py", line 127, in find_template
    source, display_name = loader(name, dirs)
  File "/home/kalinins/.virtualenvs/blogik5/local/lib/python2.7/site-packages/django/template/loader.py", line 43, in __call__
    return self.load_template(template_name, template_dirs)
  File "/home/kalinins/.virtualenvs/blogik5/local/lib/python2.7/site-packages/django/template/loader.py", line 49, in load_template
    template = get_template_from_string(source, origin, template_name)
  File "/home/kalinins/.virtualenvs/blogik5/local/lib/python2.7/site-packages/django/template/loader.py", line 149, in get_template_from_string
    return Template(source, origin, name)
  File "/home/kalinins/.virtualenvs/blogik5/local/lib/python2.7/site-packages/django/template/base.py", line 125, in __init__
    self.nodelist = compile_string(template_string, origin)
  File "/home/kalinins/.virtualenvs/blogik5/local/lib/python2.7/site-packages/django/template/base.py", line 153, in compile_string
    return parser.parse()
  File "/home/kalinins/.virtualenvs/blogik5/local/lib/python2.7/site-packages/django/template/base.py", line 278, in parse
    compiled_result = compile_func(self, token)
  File "/home/kalinins/.virtualenvs/blogik5/local/lib/python2.7/site-packages/django/template/defaulttags.py", line 1084, in load
    (taglib, e))
TemplateSyntaxError: 'tags_blogik5' is not a valid tag library: Template library tags_blogik5 not found, tried django.templatetags.tags_blogik5,django.contrib.admin.templatetags.tags_blogik5,django.contrib.staticfiles.templatetags.tags_blogik5,cms.templatetags.tags_blogik5,mptt.templatetags.tags_blogik5,menus.templatetags.tags_blogik5,sekizai.templatetags.tags_blogik5
Internal Server Error: /ru/
Traceback (most recent call last):
  File "/home/kalinins/.virtualenvs/blogik5/local/lib/python2.7/site-packages/django/core/handlers/base.py", line 137, in get_response
    response = response.render()
  File "/home/kalinins/.virtualenvs/blogik5/local/lib/python2.7/site-packages/django/template/response.py", line 105, in render
    self.content = self.rendered_content
  File "/home/kalinins/.virtualenvs/blogik5/local/lib/python2.7/site-packages/django/template/response.py", line 82, in rendered_content
    content = template.render(context)
  File "/home/kalinins/.virtualenvs/blogik5/local/lib/python2.7/site-packages/django/template/base.py", line 140, in render
    return self._render(context)
  File "/home/kalinins/.virtualenvs/blogik5/local/lib/python2.7/site-packages/django/template/base.py", line 134, in _render
    return self.nodelist.render(context)
  File "/home/kalinins/.virtualenvs/blogik5/local/lib/python2.7/site-packages/django/template/base.py", line 840, in render
    bit = self.render_node(node, context)
  File "/home/kalinins/.virtualenvs/blogik5/local/lib/python2.7/site-packages/django/template/debug.py", line 78, in render_node
    return node.render(context)
  File "/home/kalinins/.virtualenvs/blogik5/local/lib/python2.7/site-packages/django/template/loader_tags.py", line 101, in render
    compiled_parent = self.get_parent(context)
  File "/home/kalinins/.virtualenvs/blogik5/local/lib/python2.7/site-packages/django/template/loader_tags.py", line 98, in get_parent
    return get_template(parent)
  File "/home/kalinins/.virtualenvs/blogik5/local/lib/python2.7/site-packages/django/template/loader.py", line 138, in get_template
    template, origin = find_template(template_name)
  File "/home/kalinins/.virtualenvs/blogik5/local/lib/python2.7/site-packages/django/template/loader.py", line 127, in find_template
    source, display_name = loader(name, dirs)
  File "/home/kalinins/.virtualenvs/blogik5/local/lib/python2.7/site-packages/django/template/loader.py", line 43, in __call__
    return self.load_template(template_name, template_dirs)
  File "/home/kalinins/.virtualenvs/blogik5/local/lib/python2.7/site-packages/django/template/loader.py", line 49, in load_template
    template = get_template_from_string(source, origin, template_name)
  File "/home/kalinins/.virtualenvs/blogik5/local/lib/python2.7/site-packages/django/template/loader.py", line 149, in get_template_from_string
    return Template(source, origin, name)
  File "/home/kalinins/.virtualenvs/blogik5/local/lib/python2.7/site-packages/django/template/base.py", line 125, in __init__
    self.nodelist = compile_string(template_string, origin)
  File "/home/kalinins/.virtualenvs/blogik5/local/lib/python2.7/site-packages/django/template/base.py", line 153, in compile_string
    return parser.parse()
  File "/home/kalinins/.virtualenvs/blogik5/local/lib/python2.7/site-packages/django/template/base.py", line 278, in parse
    compiled_result = compile_func(self, token)
  File "/home/kalinins/.virtualenvs/blogik5/local/lib/python2.7/site-packages/django/template/defaulttags.py", line 1084, in load
    (taglib, e))
TemplateSyntaxError: 'tags_blogik5' is not a valid tag library: Template library tags_blogik5 not found, tried django.templatetags.tags_blogik5,django.contrib.admin.templatetags.tags_blogik5,django.contrib.staticfiles.templatetags.tags_blogik5,cms.templatetags.tags_blogik5,mptt.templatetags.tags_blogik5,menus.templatetags.tags_blogik5,sekizai.templatetags.tags_blogik5
Internal Server Error: /ru/
Traceback (most recent call last):
  File "/home/kalinins/.virtualenvs/blogik5/local/lib/python2.7/site-packages/django/core/handlers/base.py", line 137, in get_response
    response = response.render()
  File "/home/kalinins/.virtualenvs/blogik5/local/lib/python2.7/site-packages/django/template/response.py", line 105, in render
    self.content = self.rendered_content
  File "/home/kalinins/.virtualenvs/blogik5/local/lib/python2.7/site-packages/django/template/response.py", line 82, in rendered_content
    content = template.render(context)
  File "/home/kalinins/.virtualenvs/blogik5/local/lib/python2.7/site-packages/django/template/base.py", line 140, in render
    return self._render(context)
  File "/home/kalinins/.virtualenvs/blogik5/local/lib/python2.7/site-packages/django/template/base.py", line 134, in _render
    return self.nodelist.render(context)
  File "/home/kalinins/.virtualenvs/blogik5/local/lib/python2.7/site-packages/django/template/base.py", line 840, in render
    bit = self.render_node(node, context)
  File "/home/kalinins/.virtualenvs/blogik5/local/lib/python2.7/site-packages/django/template/debug.py", line 78, in render_node
    return node.render(context)
  File "/home/kalinins/.virtualenvs/blogik5/local/lib/python2.7/site-packages/django/template/loader_tags.py", line 101, in render
    compiled_parent = self.get_parent(context)
  File "/home/kalinins/.virtualenvs/blogik5/local/lib/python2.7/site-packages/django/template/loader_tags.py", line 98, in get_parent
    return get_template(parent)
  File "/home/kalinins/.virtualenvs/blogik5/local/lib/python2.7/site-packages/django/template/loader.py", line 138, in get_template
    template, origin = find_template(template_name)
  File "/home/kalinins/.virtualenvs/blogik5/local/lib/python2.7/site-packages/django/template/loader.py", line 127, in find_template
    source, display_name = loader(name, dirs)
  File "/home/kalinins/.virtualenvs/blogik5/local/lib/python2.7/site-packages/django/template/loader.py", line 43, in __call__
    return self.load_template(template_name, template_dirs)
  File "/home/kalinins/.virtualenvs/blogik5/local/lib/python2.7/site-packages/django/template/loader.py", line 49, in load_template
    template = get_template_from_string(source, origin, template_name)
  File "/home/kalinins/.virtualenvs/blogik5/local/lib/python2.7/site-packages/django/template/loader.py", line 149, in get_template_from_string
    return Template(source, origin, name)
  File "/home/kalinins/.virtualenvs/blogik5/local/lib/python2.7/site-packages/django/template/base.py", line 125, in __init__
    self.nodelist = compile_string(template_string, origin)
  File "/home/kalinins/.virtualenvs/blogik5/local/lib/python2.7/site-packages/django/template/base.py", line 153, in compile_string
    return parser.parse()
  File "/home/kalinins/.virtualenvs/blogik5/local/lib/python2.7/site-packages/django/template/base.py", line 278, in parse
    compiled_result = compile_func(self, token)
  File "/home/kalinins/.virtualenvs/blogik5/local/lib/python2.7/site-packages/django/template/defaulttags.py", line 1084, in load
    (taglib, e))
TemplateSyntaxError: 'tags_blogik5' is not a valid tag library: Template library tags_blogik5 not found, tried django.templatetags.tags_blogik5,django.contrib.admin.templatetags.tags_blogik5,django.contrib.staticfiles.templatetags.tags_blogik5,cms.templatetags.tags_blogik5,mptt.templatetags.tags_blogik5,menus.templatetags.tags_blogik5,sekizai.templatetags.tags_blogik5
Internal Server Error: /ru/
Traceback (most recent call last):
  File "/home/kalinins/.virtualenvs/blogik5/local/lib/python2.7/site-packages/django/core/handlers/base.py", line 137, in get_response
    response = response.render()
  File "/home/kalinins/.virtualenvs/blogik5/local/lib/python2.7/site-packages/django/template/response.py", line 105, in render
    self.content = self.rendered_content
  File "/home/kalinins/.virtualenvs/blogik5/local/lib/python2.7/site-packages/django/template/response.py", line 82, in rendered_content
    content = template.render(context)
  File "/home/kalinins/.virtualenvs/blogik5/local/lib/python2.7/site-packages/django/template/base.py", line 140, in render
    return self._render(context)
  File "/home/kalinins/.virtualenvs/blogik5/local/lib/python2.7/site-packages/django/template/base.py", line 134, in _render
    return self.nodelist.render(context)
  File "/home/kalinins/.virtualenvs/blogik5/local/lib/python2.7/site-packages/django/template/base.py", line 840, in render
    bit = self.render_node(node, context)
  File "/home/kalinins/.virtualenvs/blogik5/local/lib/python2.7/site-packages/django/template/debug.py", line 78, in render_node
    return node.render(context)
  File "/home/kalinins/.virtualenvs/blogik5/local/lib/python2.7/site-packages/django/template/loader_tags.py", line 101, in render
    compiled_parent = self.get_parent(context)
  File "/home/kalinins/.virtualenvs/blogik5/local/lib/python2.7/site-packages/django/template/loader_tags.py", line 98, in get_parent
    return get_template(parent)
  File "/home/kalinins/.virtualenvs/blogik5/local/lib/python2.7/site-packages/django/template/loader.py", line 138, in get_template
    template, origin = find_template(template_name)
  File "/home/kalinins/.virtualenvs/blogik5/local/lib/python2.7/site-packages/django/template/loader.py", line 127, in find_template
    source, display_name = loader(name, dirs)
  File "/home/kalinins/.virtualenvs/blogik5/local/lib/python2.7/site-packages/django/template/loader.py", line 43, in __call__
    return self.load_template(template_name, template_dirs)
  File "/home/kalinins/.virtualenvs/blogik5/local/lib/python2.7/site-packages/django/template/loader.py", line 49, in load_template
    template = get_template_from_string(source, origin, template_name)
  File "/home/kalinins/.virtualenvs/blogik5/local/lib/python2.7/site-packages/django/template/loader.py", line 149, in get_template_from_string
    return Template(source, origin, name)
  File "/home/kalinins/.virtualenvs/blogik5/local/lib/python2.7/site-packages/django/template/base.py", line 125, in __init__
    self.nodelist = compile_string(template_string, origin)
  File "/home/kalinins/.virtualenvs/blogik5/local/lib/python2.7/site-packages/django/template/base.py", line 153, in compile_string
    return parser.parse()
  File "/home/kalinins/.virtualenvs/blogik5/local/lib/python2.7/site-packages/django/template/base.py", line 278, in parse
    compiled_result = compile_func(self, token)
  File "/home/kalinins/.virtualenvs/blogik5/local/lib/python2.7/site-packages/django/template/defaulttags.py", line 1084, in load
    (taglib, e))
TemplateSyntaxError: 'tags_blogik5' is not a valid tag library: Template library tags_blogik5 not found, tried django.templatetags.tags_blogik5,django.contrib.admin.templatetags.tags_blogik5,django.contrib.staticfiles.templatetags.tags_blogik5,cms.templatetags.tags_blogik5,mptt.templatetags.tags_blogik5,menus.templatetags.tags_blogik5,sekizai.templatetags.tags_blogik5
Internal Server Error: /ru/
Traceback (most recent call last):
  File "/home/kalinins/.virtualenvs/blogik5/local/lib/python2.7/site-packages/django/core/handlers/base.py", line 137, in get_response
    response = response.render()
  File "/home/kalinins/.virtualenvs/blogik5/local/lib/python2.7/site-packages/django/template/response.py", line 105, in render
    self.content = self.rendered_content
  File "/home/kalinins/.virtualenvs/blogik5/local/lib/python2.7/site-packages/django/template/response.py", line 82, in rendered_content
    content = template.render(context)
  File "/home/kalinins/.virtualenvs/blogik5/local/lib/python2.7/site-packages/django/template/base.py", line 140, in render
    return self._render(context)
  File "/home/kalinins/.virtualenvs/blogik5/local/lib/python2.7/site-packages/django/template/base.py", line 134, in _render
    return self.nodelist.render(context)
  File "/home/kalinins/.virtualenvs/blogik5/local/lib/python2.7/site-packages/django/template/base.py", line 840, in render
    bit = self.render_node(node, context)
  File "/home/kalinins/.virtualenvs/blogik5/local/lib/python2.7/site-packages/django/template/debug.py", line 78, in render_node
    return node.render(context)
  File "/home/kalinins/.virtualenvs/blogik5/local/lib/python2.7/site-packages/django/template/loader_tags.py", line 101, in render
    compiled_parent = self.get_parent(context)
  File "/home/kalinins/.virtualenvs/blogik5/local/lib/python2.7/site-packages/django/template/loader_tags.py", line 98, in get_parent
    return get_template(parent)
  File "/home/kalinins/.virtualenvs/blogik5/local/lib/python2.7/site-packages/django/template/loader.py", line 138, in get_template
    template, origin = find_template(template_name)
  File "/home/kalinins/.virtualenvs/blogik5/local/lib/python2.7/site-packages/django/template/loader.py", line 127, in find_template
    source, display_name = loader(name, dirs)
  File "/home/kalinins/.virtualenvs/blogik5/local/lib/python2.7/site-packages/django/template/loader.py", line 43, in __call__
    return self.load_template(template_name, template_dirs)
  File "/home/kalinins/.virtualenvs/blogik5/local/lib/python2.7/site-packages/django/template/loader.py", line 49, in load_template
    template = get_template_from_string(source, origin, template_name)
  File "/home/kalinins/.virtualenvs/blogik5/local/lib/python2.7/site-packages/django/template/loader.py", line 149, in get_template_from_string
    return Template(source, origin, name)
  File "/home/kalinins/.virtualenvs/blogik5/local/lib/python2.7/site-packages/django/template/base.py", line 125, in __init__
    self.nodelist = compile_string(template_string, origin)
  File "/home/kalinins/.virtualenvs/blogik5/local/lib/python2.7/site-packages/django/template/base.py", line 153, in compile_string
    return parser.parse()
  File "/home/kalinins/.virtualenvs/blogik5/local/lib/python2.7/site-packages/django/template/base.py", line 278, in parse
    compiled_result = compile_func(self, token)
  File "/home/kalinins/.virtualenvs/blogik5/local/lib/python2.7/site-packages/django/template/defaulttags.py", line 1084, in load
    (taglib, e))
TemplateSyntaxError: 'tags_blogik5' is not a valid tag library: Template library tags_blogik5 not found, tried django.templatetags.tags_blogik5,django.contrib.admin.templatetags.tags_blogik5,django.contrib.staticfiles.templatetags.tags_blogik5,cms.templatetags.tags_blogik5,mptt.templatetags.tags_blogik5,menus.templatetags.tags_blogik5,sekizai.templatetags.tags_blogik5
Internal Server Error: /ru/
Traceback (most recent call last):
  File "/home/kalinins/.virtualenvs/blogik5/local/lib/python2.7/site-packages/django/core/handlers/base.py", line 137, in get_response
    response = response.render()
  File "/home/kalinins/.virtualenvs/blogik5/local/lib/python2.7/site-packages/django/template/response.py", line 105, in render
    self.content = self.rendered_content
  File "/home/kalinins/.virtualenvs/blogik5/local/lib/python2.7/site-packages/django/template/response.py", line 82, in rendered_content
    content = template.render(context)
  File "/home/kalinins/.virtualenvs/blogik5/local/lib/python2.7/site-packages/django/template/base.py", line 140, in render
    return self._render(context)
  File "/home/kalinins/.virtualenvs/blogik5/local/lib/python2.7/site-packages/django/template/base.py", line 134, in _render
    return self.nodelist.render(context)
  File "/home/kalinins/.virtualenvs/blogik5/local/lib/python2.7/site-packages/django/template/base.py", line 840, in render
    bit = self.render_node(node, context)
  File "/home/kalinins/.virtualenvs/blogik5/local/lib/python2.7/site-packages/django/template/debug.py", line 78, in render_node
    return node.render(context)
  File "/home/kalinins/.virtualenvs/blogik5/local/lib/python2.7/site-packages/django/template/loader_tags.py", line 101, in render
    compiled_parent = self.get_parent(context)
  File "/home/kalinins/.virtualenvs/blogik5/local/lib/python2.7/site-packages/django/template/loader_tags.py", line 98, in get_parent
    return get_template(parent)
  File "/home/kalinins/.virtualenvs/blogik5/local/lib/python2.7/site-packages/django/template/loader.py", line 138, in get_template
    template, origin = find_template(template_name)
  File "/home/kalinins/.virtualenvs/blogik5/local/lib/python2.7/site-packages/django/template/loader.py", line 127, in find_template
    source, display_name = loader(name, dirs)
  File "/home/kalinins/.virtualenvs/blogik5/local/lib/python2.7/site-packages/django/template/loader.py", line 43, in __call__
    return self.load_template(template_name, template_dirs)
  File "/home/kalinins/.virtualenvs/blogik5/local/lib/python2.7/site-packages/django/template/loader.py", line 49, in load_template
    template = get_template_from_string(source, origin, template_name)
  File "/home/kalinins/.virtualenvs/blogik5/local/lib/python2.7/site-packages/django/template/loader.py", line 149, in get_template_from_string
    return Template(source, origin, name)
  File "/home/kalinins/.virtualenvs/blogik5/local/lib/python2.7/site-packages/django/template/base.py", line 125, in __init__
    self.nodelist = compile_string(template_string, origin)
  File "/home/kalinins/.virtualenvs/blogik5/local/lib/python2.7/site-packages/django/template/base.py", line 153, in compile_string
    return parser.parse()
  File "/home/kalinins/.virtualenvs/blogik5/local/lib/python2.7/site-packages/django/template/base.py", line 278, in parse
    compiled_result = compile_func(self, token)
  File "/home/kalinins/.virtualenvs/blogik5/local/lib/python2.7/site-packages/django/template/defaulttags.py", line 1084, in load
    (taglib, e))
TemplateSyntaxError: 'tags_blogik5' is not a valid tag library: Template library tags_blogik5 not found, tried django.templatetags.tags_blogik5,django.contrib.admin.templatetags.tags_blogik5,django.contrib.staticfiles.templatetags.tags_blogik5,cms.templatetags.tags_blogik5,mptt.templatetags.tags_blogik5,menus.templatetags.tags_blogik5,sekizai.templatetags.tags_blogik5
Internal Server Error: /ru/
Traceback (most recent call last):
  File "/home/kalinins/.virtualenvs/blogik5/local/lib/python2.7/site-packages/django/core/handlers/base.py", line 137, in get_response
    response = response.render()
  File "/home/kalinins/.virtualenvs/blogik5/local/lib/python2.7/site-packages/django/template/response.py", line 105, in render
    self.content = self.rendered_content
  File "/home/kalinins/.virtualenvs/blogik5/local/lib/python2.7/site-packages/django/template/response.py", line 82, in rendered_content
    content = template.render(context)
  File "/home/kalinins/.virtualenvs/blogik5/local/lib/python2.7/site-packages/django/template/base.py", line 140, in render
    return self._render(context)
  File "/home/kalinins/.virtualenvs/blogik5/local/lib/python2.7/site-packages/django/template/base.py", line 134, in _render
    return self.nodelist.render(context)
  File "/home/kalinins/.virtualenvs/blogik5/local/lib/python2.7/site-packages/django/template/base.py", line 840, in render
    bit = self.render_node(node, context)
  File "/home/kalinins/.virtualenvs/blogik5/local/lib/python2.7/site-packages/django/template/debug.py", line 78, in render_node
    return node.render(context)
  File "/home/kalinins/.virtualenvs/blogik5/local/lib/python2.7/site-packages/django/template/loader_tags.py", line 101, in render
    compiled_parent = self.get_parent(context)
  File "/home/kalinins/.virtualenvs/blogik5/local/lib/python2.7/site-packages/django/template/loader_tags.py", line 98, in get_parent
    return get_template(parent)
  File "/home/kalinins/.virtualenvs/blogik5/local/lib/python2.7/site-packages/django/template/loader.py", line 138, in get_template
    template, origin = find_template(template_name)
  File "/home/kalinins/.virtualenvs/blogik5/local/lib/python2.7/site-packages/django/template/loader.py", line 127, in find_template
    source, display_name = loader(name, dirs)
  File "/home/kalinins/.virtualenvs/blogik5/local/lib/python2.7/site-packages/django/template/loader.py", line 43, in __call__
    return self.load_template(template_name, template_dirs)
  File "/home/kalinins/.virtualenvs/blogik5/local/lib/python2.7/site-packages/django/template/loader.py", line 49, in load_template
    template = get_template_from_string(source, origin, template_name)
  File "/home/kalinins/.virtualenvs/blogik5/local/lib/python2.7/site-packages/django/template/loader.py", line 149, in get_template_from_string
    return Template(source, origin, name)
  File "/home/kalinins/.virtualenvs/blogik5/local/lib/python2.7/site-packages/django/template/base.py", line 125, in __init__
    self.nodelist = compile_string(template_string, origin)
  File "/home/kalinins/.virtualenvs/blogik5/local/lib/python2.7/site-packages/django/template/base.py", line 153, in compile_string
    return parser.parse()
  File "/home/kalinins/.virtualenvs/blogik5/local/lib/python2.7/site-packages/django/template/base.py", line 278, in parse
    compiled_result = compile_func(self, token)
  File "/home/kalinins/.virtualenvs/blogik5/local/lib/python2.7/site-packages/django/template/defaulttags.py", line 1084, in load
    (taglib, e))
TemplateSyntaxError: 'tags_blogik5' is not a valid tag library: Template library tags_blogik5 not found, tried django.templatetags.tags_blogik5,django.contrib.admin.templatetags.tags_blogik5,django.contrib.staticfiles.templatetags.tags_blogik5,cms.templatetags.tags_blogik5,mptt.templatetags.tags_blogik5,menus.templatetags.tags_blogik5,sekizai.templatetags.tags_blogik5
Internal Server Error: /ru/
Traceback (most recent call last):
  File "/home/kalinins/.virtualenvs/blogik5/local/lib/python2.7/site-packages/django/core/handlers/base.py", line 137, in get_response
    response = response.render()
  File "/home/kalinins/.virtualenvs/blogik5/local/lib/python2.7/site-packages/django/template/response.py", line 105, in render
    self.content = self.rendered_content
  File "/home/kalinins/.virtualenvs/blogik5/local/lib/python2.7/site-packages/django/template/response.py", line 82, in rendered_content
    content = template.render(context)
  File "/home/kalinins/.virtualenvs/blogik5/local/lib/python2.7/site-packages/django/template/base.py", line 140, in render
    return self._render(context)
  File "/home/kalinins/.virtualenvs/blogik5/local/lib/python2.7/site-packages/django/template/base.py", line 134, in _render
    return self.nodelist.render(context)
  File "/home/kalinins/.virtualenvs/blogik5/local/lib/python2.7/site-packages/django/template/base.py", line 840, in render
    bit = self.render_node(node, context)
  File "/home/kalinins/.virtualenvs/blogik5/local/lib/python2.7/site-packages/django/template/debug.py", line 78, in render_node
    return node.render(context)
  File "/home/kalinins/.virtualenvs/blogik5/local/lib/python2.7/site-packages/django/template/loader_tags.py", line 101, in render
    compiled_parent = self.get_parent(context)
  File "/home/kalinins/.virtualenvs/blogik5/local/lib/python2.7/site-packages/django/template/loader_tags.py", line 98, in get_parent
    return get_template(parent)
  File "/home/kalinins/.virtualenvs/blogik5/local/lib/python2.7/site-packages/django/template/loader.py", line 138, in get_template
    template, origin = find_template(template_name)
  File "/home/kalinins/.virtualenvs/blogik5/local/lib/python2.7/site-packages/django/template/loader.py", line 127, in find_template
    source, display_name = loader(name, dirs)
  File "/home/kalinins/.virtualenvs/blogik5/local/lib/python2.7/site-packages/django/template/loader.py", line 43, in __call__
    return self.load_template(template_name, template_dirs)
  File "/home/kalinins/.virtualenvs/blogik5/local/lib/python2.7/site-packages/django/template/loader.py", line 49, in load_template
    template = get_template_from_string(source, origin, template_name)
  File "/home/kalinins/.virtualenvs/blogik5/local/lib/python2.7/site-packages/django/template/loader.py", line 149, in get_template_from_string
    return Template(source, origin, name)
  File "/home/kalinins/.virtualenvs/blogik5/local/lib/python2.7/site-packages/django/template/base.py", line 125, in __init__
    self.nodelist = compile_string(template_string, origin)
  File "/home/kalinins/.virtualenvs/blogik5/local/lib/python2.7/site-packages/django/template/base.py", line 153, in compile_string
    return parser.parse()
  File "/home/kalinins/.virtualenvs/blogik5/local/lib/python2.7/site-packages/django/template/base.py", line 278, in parse
    compiled_result = compile_func(self, token)
  File "/home/kalinins/.virtualenvs/blogik5/local/lib/python2.7/site-packages/django/template/defaulttags.py", line 1084, in load
    (taglib, e))
TemplateSyntaxError: 'tags_blogik5' is not a valid tag library: Template library tags_blogik5 not found, tried django.templatetags.tags_blogik5,django.contrib.admin.templatetags.tags_blogik5,django.contrib.staticfiles.templatetags.tags_blogik5,cms.templatetags.tags_blogik5,mptt.templatetags.tags_blogik5,menus.templatetags.tags_blogik5,sekizai.templatetags.tags_blogik5
Internal Server Error: /ru/
Traceback (most recent call last):
  File "/home/kalinins/.virtualenvs/blogik5/local/lib/python2.7/site-packages/django/core/handlers/base.py", line 137, in get_response
    response = response.render()
  File "/home/kalinins/.virtualenvs/blogik5/local/lib/python2.7/site-packages/django/template/response.py", line 105, in render
    self.content = self.rendered_content
  File "/home/kalinins/.virtualenvs/blogik5/local/lib/python2.7/site-packages/django/template/response.py", line 82, in rendered_content
    content = template.render(context)
  File "/home/kalinins/.virtualenvs/blogik5/local/lib/python2.7/site-packages/django/template/base.py", line 140, in render
    return self._render(context)
  File "/home/kalinins/.virtualenvs/blogik5/local/lib/python2.7/site-packages/django/template/base.py", line 134, in _render
    return self.nodelist.render(context)
  File "/home/kalinins/.virtualenvs/blogik5/local/lib/python2.7/site-packages/django/template/base.py", line 840, in render
    bit = self.render_node(node, context)
  File "/home/kalinins/.virtualenvs/blogik5/local/lib/python2.7/site-packages/django/template/debug.py", line 78, in render_node
    return node.render(context)
  File "/home/kalinins/.virtualenvs/blogik5/local/lib/python2.7/site-packages/django/template/loader_tags.py", line 101, in render
    compiled_parent = self.get_parent(context)
  File "/home/kalinins/.virtualenvs/blogik5/local/lib/python2.7/site-packages/django/template/loader_tags.py", line 98, in get_parent
    return get_template(parent)
  File "/home/kalinins/.virtualenvs/blogik5/local/lib/python2.7/site-packages/django/template/loader.py", line 138, in get_template
    template, origin = find_template(template_name)
  File "/home/kalinins/.virtualenvs/blogik5/local/lib/python2.7/site-packages/django/template/loader.py", line 127, in find_template
    source, display_name = loader(name, dirs)
  File "/home/kalinins/.virtualenvs/blogik5/local/lib/python2.7/site-packages/django/template/loader.py", line 43, in __call__
    return self.load_template(template_name, template_dirs)
  File "/home/kalinins/.virtualenvs/blogik5/local/lib/python2.7/site-packages/django/template/loader.py", line 49, in load_template
    template = get_template_from_string(source, origin, template_name)
  File "/home/kalinins/.virtualenvs/blogik5/local/lib/python2.7/site-packages/django/template/loader.py", line 149, in get_template_from_string
    return Template(source, origin, name)
  File "/home/kalinins/.virtualenvs/blogik5/local/lib/python2.7/site-packages/django/template/base.py", line 125, in __init__
    self.nodelist = compile_string(template_string, origin)
  File "/home/kalinins/.virtualenvs/blogik5/local/lib/python2.7/site-packages/django/template/base.py", line 153, in compile_string
    return parser.parse()
  File "/home/kalinins/.virtualenvs/blogik5/local/lib/python2.7/site-packages/django/template/base.py", line 278, in parse
    compiled_result = compile_func(self, token)
  File "/home/kalinins/.virtualenvs/blogik5/local/lib/python2.7/site-packages/django/template/defaulttags.py", line 1084, in load
    (taglib, e))
TemplateSyntaxError: 'tags_blogik5' is not a valid tag library: Template library tags_blogik5 not found, tried django.templatetags.tags_blogik5,django.contrib.admin.templatetags.tags_blogik5,django.contrib.staticfiles.templatetags.tags_blogik5,cms.templatetags.tags_blogik5,mptt.templatetags.tags_blogik5,menus.templatetags.tags_blogik5,sekizai.templatetags.tags_blogik5
Internal Server Error: /ru/
Traceback (most recent call last):
  File "/home/kalinins/.virtualenvs/blogik5/local/lib/python2.7/site-packages/django/core/handlers/base.py", line 137, in get_response
    response = response.render()
  File "/home/kalinins/.virtualenvs/blogik5/local/lib/python2.7/site-packages/django/template/response.py", line 105, in render
    self.content = self.rendered_content
  File "/home/kalinins/.virtualenvs/blogik5/local/lib/python2.7/site-packages/django/template/response.py", line 82, in rendered_content
    content = template.render(context)
  File "/home/kalinins/.virtualenvs/blogik5/local/lib/python2.7/site-packages/django/template/base.py", line 140, in render
    return self._render(context)
  File "/home/kalinins/.virtualenvs/blogik5/local/lib/python2.7/site-packages/django/template/base.py", line 134, in _render
    return self.nodelist.render(context)
  File "/home/kalinins/.virtualenvs/blogik5/local/lib/python2.7/site-packages/django/template/base.py", line 840, in render
    bit = self.render_node(node, context)
  File "/home/kalinins/.virtualenvs/blogik5/local/lib/python2.7/site-packages/django/template/debug.py", line 78, in render_node
    return node.render(context)
  File "/home/kalinins/.virtualenvs/blogik5/local/lib/python2.7/site-packages/django/template/loader_tags.py", line 101, in render
    compiled_parent = self.get_parent(context)
  File "/home/kalinins/.virtualenvs/blogik5/local/lib/python2.7/site-packages/django/template/loader_tags.py", line 98, in get_parent
    return get_template(parent)
  File "/home/kalinins/.virtualenvs/blogik5/local/lib/python2.7/site-packages/django/template/loader.py", line 138, in get_template
    template, origin = find_template(template_name)
  File "/home/kalinins/.virtualenvs/blogik5/local/lib/python2.7/site-packages/django/template/loader.py", line 127, in find_template
    source, display_name = loader(name, dirs)
  File "/home/kalinins/.virtualenvs/blogik5/local/lib/python2.7/site-packages/django/template/loader.py", line 43, in __call__
    return self.load_template(template_name, template_dirs)
  File "/home/kalinins/.virtualenvs/blogik5/local/lib/python2.7/site-packages/django/template/loader.py", line 49, in load_template
    template = get_template_from_string(source, origin, template_name)
  File "/home/kalinins/.virtualenvs/blogik5/local/lib/python2.7/site-packages/django/template/loader.py", line 149, in get_template_from_string
    return Template(source, origin, name)
  File "/home/kalinins/.virtualenvs/blogik5/local/lib/python2.7/site-packages/django/template/base.py", line 125, in __init__
    self.nodelist = compile_string(template_string, origin)
  File "/home/kalinins/.virtualenvs/blogik5/local/lib/python2.7/site-packages/django/template/base.py", line 153, in compile_string
    return parser.parse()
  File "/home/kalinins/.virtualenvs/blogik5/local/lib/python2.7/site-packages/django/template/base.py", line 278, in parse
    compiled_result = compile_func(self, token)
  File "/home/kalinins/.virtualenvs/blogik5/local/lib/python2.7/site-packages/django/template/defaulttags.py", line 1084, in load
    (taglib, e))
TemplateSyntaxError: 'tags_blogik5' is not a valid tag library: Template library tags_blogik5 not found, tried django.templatetags.tags_blogik5,django.contrib.admin.templatetags.tags_blogik5,django.contrib.staticfiles.templatetags.tags_blogik5,cms.templatetags.tags_blogik5,mptt.templatetags.tags_blogik5,menus.templatetags.tags_blogik5,sekizai.templatetags.tags_blogik5
Internal Server Error: /ru/
Traceback (most recent call last):
  File "/home/kalinins/.virtualenvs/blogik5/local/lib/python2.7/site-packages/django/core/handlers/base.py", line 137, in get_response
    response = response.render()
  File "/home/kalinins/.virtualenvs/blogik5/local/lib/python2.7/site-packages/django/template/response.py", line 105, in render
    self.content = self.rendered_content
  File "/home/kalinins/.virtualenvs/blogik5/local/lib/python2.7/site-packages/django/template/response.py", line 82, in rendered_content
    content = template.render(context)
  File "/home/kalinins/.virtualenvs/blogik5/local/lib/python2.7/site-packages/django/template/base.py", line 140, in render
    return self._render(context)
  File "/home/kalinins/.virtualenvs/blogik5/local/lib/python2.7/site-packages/django/template/base.py", line 134, in _render
    return self.nodelist.render(context)
  File "/home/kalinins/.virtualenvs/blogik5/local/lib/python2.7/site-packages/django/template/base.py", line 840, in render
    bit = self.render_node(node, context)
  File "/home/kalinins/.virtualenvs/blogik5/local/lib/python2.7/site-packages/django/template/debug.py", line 78, in render_node
    return node.render(context)
  File "/home/kalinins/.virtualenvs/blogik5/local/lib/python2.7/site-packages/django/template/loader_tags.py", line 101, in render
    compiled_parent = self.get_parent(context)
  File "/home/kalinins/.virtualenvs/blogik5/local/lib/python2.7/site-packages/django/template/loader_tags.py", line 98, in get_parent
    return get_template(parent)
  File "/home/kalinins/.virtualenvs/blogik5/local/lib/python2.7/site-packages/django/template/loader.py", line 138, in get_template
    template, origin = find_template(template_name)
  File "/home/kalinins/.virtualenvs/blogik5/local/lib/python2.7/site-packages/django/template/loader.py", line 127, in find_template
    source, display_name = loader(name, dirs)
  File "/home/kalinins/.virtualenvs/blogik5/local/lib/python2.7/site-packages/django/template/loader.py", line 43, in __call__
    return self.load_template(template_name, template_dirs)
  File "/home/kalinins/.virtualenvs/blogik5/local/lib/python2.7/site-packages/django/template/loader.py", line 49, in load_template
    template = get_template_from_string(source, origin, template_name)
  File "/home/kalinins/.virtualenvs/blogik5/local/lib/python2.7/site-packages/django/template/loader.py", line 149, in get_template_from_string
    return Template(source, origin, name)
  File "/home/kalinins/.virtualenvs/blogik5/local/lib/python2.7/site-packages/django/template/base.py", line 125, in __init__
    self.nodelist = compile_string(template_string, origin)
  File "/home/kalinins/.virtualenvs/blogik5/local/lib/python2.7/site-packages/django/template/base.py", line 153, in compile_string
    return parser.parse()
  File "/home/kalinins/.virtualenvs/blogik5/local/lib/python2.7/site-packages/django/template/base.py", line 278, in parse
    compiled_result = compile_func(self, token)
  File "/home/kalinins/.virtualenvs/blogik5/local/lib/python2.7/site-packages/django/template/defaulttags.py", line 1084, in load
    (taglib, e))
TemplateSyntaxError: 'tags_blogik5' is not a valid tag library: Template library tags_blogik5 not found, tried django.templatetags.tags_blogik5,django.contrib.admin.templatetags.tags_blogik5,django.contrib.staticfiles.templatetags.tags_blogik5,cms.templatetags.tags_blogik5,mptt.templatetags.tags_blogik5,menus.templatetags.tags_blogik5,sekizai.templatetags.tags_blogik5
Internal Server Error: /ru/
Traceback (most recent call last):
  File "/home/kalinins/.virtualenvs/blogik5/local/lib/python2.7/site-packages/django/core/handlers/base.py", line 137, in get_response
    response = response.render()
  File "/home/kalinins/.virtualenvs/blogik5/local/lib/python2.7/site-packages/django/template/response.py", line 105, in render
    self.content = self.rendered_content
  File "/home/kalinins/.virtualenvs/blogik5/local/lib/python2.7/site-packages/django/template/response.py", line 82, in rendered_content
    content = template.render(context)
  File "/home/kalinins/.virtualenvs/blogik5/local/lib/python2.7/site-packages/django/template/base.py", line 140, in render
    return self._render(context)
  File "/home/kalinins/.virtualenvs/blogik5/local/lib/python2.7/site-packages/django/template/base.py", line 134, in _render
    return self.nodelist.render(context)
  File "/home/kalinins/.virtualenvs/blogik5/local/lib/python2.7/site-packages/django/template/base.py", line 840, in render
    bit = self.render_node(node, context)
  File "/home/kalinins/.virtualenvs/blogik5/local/lib/python2.7/site-packages/django/template/debug.py", line 78, in render_node
    return node.render(context)
  File "/home/kalinins/.virtualenvs/blogik5/local/lib/python2.7/site-packages/django/template/loader_tags.py", line 101, in render
    compiled_parent = self.get_parent(context)
  File "/home/kalinins/.virtualenvs/blogik5/local/lib/python2.7/site-packages/django/template/loader_tags.py", line 98, in get_parent
    return get_template(parent)
  File "/home/kalinins/.virtualenvs/blogik5/local/lib/python2.7/site-packages/django/template/loader.py", line 138, in get_template
    template, origin = find_template(template_name)
  File "/home/kalinins/.virtualenvs/blogik5/local/lib/python2.7/site-packages/django/template/loader.py", line 127, in find_template
    source, display_name = loader(name, dirs)
  File "/home/kalinins/.virtualenvs/blogik5/local/lib/python2.7/site-packages/django/template/loader.py", line 43, in __call__
    return self.load_template(template_name, template_dirs)
  File "/home/kalinins/.virtualenvs/blogik5/local/lib/python2.7/site-packages/django/template/loader.py", line 49, in load_template
    template = get_template_from_string(source, origin, template_name)
  File "/home/kalinins/.virtualenvs/blogik5/local/lib/python2.7/site-packages/django/template/loader.py", line 149, in get_template_from_string
    return Template(source, origin, name)
  File "/home/kalinins/.virtualenvs/blogik5/local/lib/python2.7/site-packages/django/template/base.py", line 125, in __init__
    self.nodelist = compile_string(template_string, origin)
  File "/home/kalinins/.virtualenvs/blogik5/local/lib/python2.7/site-packages/django/template/base.py", line 153, in compile_string
    return parser.parse()
  File "/home/kalinins/.virtualenvs/blogik5/local/lib/python2.7/site-packages/django/template/base.py", line 278, in parse
    compiled_result = compile_func(self, token)
  File "/home/kalinins/.virtualenvs/blogik5/local/lib/python2.7/site-packages/django/template/defaulttags.py", line 1084, in load
    (taglib, e))
TemplateSyntaxError: 'tags_blogik5' is not a valid tag library: Template library tags_blogik5 not found, tried django.templatetags.tags_blogik5,django.contrib.admin.templatetags.tags_blogik5,django.contrib.staticfiles.templatetags.tags_blogik5,cms.templatetags.tags_blogik5,mptt.templatetags.tags_blogik5,menus.templatetags.tags_blogik5,sekizai.templatetags.tags_blogik5
Internal Server Error: /ru/
Traceback (most recent call last):
  File "/home/kalinins/.virtualenvs/blogik5/local/lib/python2.7/site-packages/django/core/handlers/base.py", line 137, in get_response
    response = response.render()
  File "/home/kalinins/.virtualenvs/blogik5/local/lib/python2.7/site-packages/django/template/response.py", line 105, in render
    self.content = self.rendered_content
  File "/home/kalinins/.virtualenvs/blogik5/local/lib/python2.7/site-packages/django/template/response.py", line 82, in rendered_content
    content = template.render(context)
  File "/home/kalinins/.virtualenvs/blogik5/local/lib/python2.7/site-packages/django/template/base.py", line 140, in render
    return self._render(context)
  File "/home/kalinins/.virtualenvs/blogik5/local/lib/python2.7/site-packages/django/template/base.py", line 134, in _render
    return self.nodelist.render(context)
  File "/home/kalinins/.virtualenvs/blogik5/local/lib/python2.7/site-packages/django/template/base.py", line 840, in render
    bit = self.render_node(node, context)
  File "/home/kalinins/.virtualenvs/blogik5/local/lib/python2.7/site-packages/django/template/debug.py", line 78, in render_node
    return node.render(context)
  File "/home/kalinins/.virtualenvs/blogik5/local/lib/python2.7/site-packages/django/template/loader_tags.py", line 101, in render
    compiled_parent = self.get_parent(context)
  File "/home/kalinins/.virtualenvs/blogik5/local/lib/python2.7/site-packages/django/template/loader_tags.py", line 98, in get_parent
    return get_template(parent)
  File "/home/kalinins/.virtualenvs/blogik5/local/lib/python2.7/site-packages/django/template/loader.py", line 138, in get_template
    template, origin = find_template(template_name)
  File "/home/kalinins/.virtualenvs/blogik5/local/lib/python2.7/site-packages/django/template/loader.py", line 127, in find_template
    source, display_name = loader(name, dirs)
  File "/home/kalinins/.virtualenvs/blogik5/local/lib/python2.7/site-packages/django/template/loader.py", line 43, in __call__
    return self.load_template(template_name, template_dirs)
  File "/home/kalinins/.virtualenvs/blogik5/local/lib/python2.7/site-packages/django/template/loader.py", line 49, in load_template
    template = get_template_from_string(source, origin, template_name)
  File "/home/kalinins/.virtualenvs/blogik5/local/lib/python2.7/site-packages/django/template/loader.py", line 149, in get_template_from_string
    return Template(source, origin, name)
  File "/home/kalinins/.virtualenvs/blogik5/local/lib/python2.7/site-packages/django/template/base.py", line 125, in __init__
    self.nodelist = compile_string(template_string, origin)
  File "/home/kalinins/.virtualenvs/blogik5/local/lib/python2.7/site-packages/django/template/base.py", line 153, in compile_string
    return parser.parse()
  File "/home/kalinins/.virtualenvs/blogik5/local/lib/python2.7/site-packages/django/template/base.py", line 278, in parse
    compiled_result = compile_func(self, token)
  File "/home/kalinins/.virtualenvs/blogik5/local/lib/python2.7/site-packages/django/template/defaulttags.py", line 1084, in load
    (taglib, e))
TemplateSyntaxError: 'tags_blogik5' is not a valid tag library: Template library tags_blogik5 not found, tried django.templatetags.tags_blogik5,django.contrib.admin.templatetags.tags_blogik5,django.contrib.staticfiles.templatetags.tags_blogik5,cms.templatetags.tags_blogik5,mptt.templatetags.tags_blogik5,menus.templatetags.tags_blogik5,sekizai.templatetags.tags_blogik5
Internal Server Error: /ru/
Traceback (most recent call last):
  File "/home/kalinins/.virtualenvs/blogik5/local/lib/python2.7/site-packages/django/core/handlers/base.py", line 137, in get_response
    response = response.render()
  File "/home/kalinins/.virtualenvs/blogik5/local/lib/python2.7/site-packages/django/template/response.py", line 105, in render
    self.content = self.rendered_content
  File "/home/kalinins/.virtualenvs/blogik5/local/lib/python2.7/site-packages/django/template/response.py", line 82, in rendered_content
    content = template.render(context)
  File "/home/kalinins/.virtualenvs/blogik5/local/lib/python2.7/site-packages/django/template/base.py", line 140, in render
    return self._render(context)
  File "/home/kalinins/.virtualenvs/blogik5/local/lib/python2.7/site-packages/django/template/base.py", line 134, in _render
    return self.nodelist.render(context)
  File "/home/kalinins/.virtualenvs/blogik5/local/lib/python2.7/site-packages/django/template/base.py", line 840, in render
    bit = self.render_node(node, context)
  File "/home/kalinins/.virtualenvs/blogik5/local/lib/python2.7/site-packages/django/template/debug.py", line 78, in render_node
    return node.render(context)
  File "/home/kalinins/.virtualenvs/blogik5/local/lib/python2.7/site-packages/django/template/loader_tags.py", line 101, in render
    compiled_parent = self.get_parent(context)
  File "/home/kalinins/.virtualenvs/blogik5/local/lib/python2.7/site-packages/django/template/loader_tags.py", line 98, in get_parent
    return get_template(parent)
  File "/home/kalinins/.virtualenvs/blogik5/local/lib/python2.7/site-packages/django/template/loader.py", line 138, in get_template
    template, origin = find_template(template_name)
  File "/home/kalinins/.virtualenvs/blogik5/local/lib/python2.7/site-packages/django/template/loader.py", line 127, in find_template
    source, display_name = loader(name, dirs)
  File "/home/kalinins/.virtualenvs/blogik5/local/lib/python2.7/site-packages/django/template/loader.py", line 43, in __call__
    return self.load_template(template_name, template_dirs)
  File "/home/kalinins/.virtualenvs/blogik5/local/lib/python2.7/site-packages/django/template/loader.py", line 49, in load_template
    template = get_template_from_string(source, origin, template_name)
  File "/home/kalinins/.virtualenvs/blogik5/local/lib/python2.7/site-packages/django/template/loader.py", line 149, in get_template_from_string
    return Template(source, origin, name)
  File "/home/kalinins/.virtualenvs/blogik5/local/lib/python2.7/site-packages/django/template/base.py", line 125, in __init__
    self.nodelist = compile_string(template_string, origin)
  File "/home/kalinins/.virtualenvs/blogik5/local/lib/python2.7/site-packages/django/template/base.py", line 153, in compile_string
    return parser.parse()
  File "/home/kalinins/.virtualenvs/blogik5/local/lib/python2.7/site-packages/django/template/base.py", line 278, in parse
    compiled_result = compile_func(self, token)
  File "/home/kalinins/.virtualenvs/blogik5/local/lib/python2.7/site-packages/django/template/defaulttags.py", line 1084, in load
    (taglib, e))
TemplateSyntaxError: 'tags_blogik5' is not a valid tag library: Template library tags_blogik5 not found, tried django.templatetags.tags_blogik5,django.contrib.admin.templatetags.tags_blogik5,django.contrib.staticfiles.templatetags.tags_blogik5,cms.templatetags.tags_blogik5,mptt.templatetags.tags_blogik5,menus.templatetags.tags_blogik5,sekizai.templatetags.tags_blogik5
Internal Server Error: /ru/
Traceback (most recent call last):
  File "/home/kalinins/.virtualenvs/blogik5/local/lib/python2.7/site-packages/django/core/handlers/base.py", line 137, in get_response
    response = response.render()
  File "/home/kalinins/.virtualenvs/blogik5/local/lib/python2.7/site-packages/django/template/response.py", line 105, in render
    self.content = self.rendered_content
  File "/home/kalinins/.virtualenvs/blogik5/local/lib/python2.7/site-packages/django/template/response.py", line 82, in rendered_content
    content = template.render(context)
  File "/home/kalinins/.virtualenvs/blogik5/local/lib/python2.7/site-packages/django/template/base.py", line 140, in render
    return self._render(context)
  File "/home/kalinins/.virtualenvs/blogik5/local/lib/python2.7/site-packages/django/template/base.py", line 134, in _render
    return self.nodelist.render(context)
  File "/home/kalinins/.virtualenvs/blogik5/local/lib/python2.7/site-packages/django/template/base.py", line 840, in render
    bit = self.render_node(node, context)
  File "/home/kalinins/.virtualenvs/blogik5/local/lib/python2.7/site-packages/django/template/debug.py", line 78, in render_node
    return node.render(context)
  File "/home/kalinins/.virtualenvs/blogik5/local/lib/python2.7/site-packages/django/template/loader_tags.py", line 101, in render
    compiled_parent = self.get_parent(context)
  File "/home/kalinins/.virtualenvs/blogik5/local/lib/python2.7/site-packages/django/template/loader_tags.py", line 98, in get_parent
    return get_template(parent)
  File "/home/kalinins/.virtualenvs/blogik5/local/lib/python2.7/site-packages/django/template/loader.py", line 138, in get_template
    template, origin = find_template(template_name)
  File "/home/kalinins/.virtualenvs/blogik5/local/lib/python2.7/site-packages/django/template/loader.py", line 127, in find_template
    source, display_name = loader(name, dirs)
  File "/home/kalinins/.virtualenvs/blogik5/local/lib/python2.7/site-packages/django/template/loader.py", line 43, in __call__
    return self.load_template(template_name, template_dirs)
  File "/home/kalinins/.virtualenvs/blogik5/local/lib/python2.7/site-packages/django/template/loader.py", line 49, in load_template
    template = get_template_from_string(source, origin, template_name)
  File "/home/kalinins/.virtualenvs/blogik5/local/lib/python2.7/site-packages/django/template/loader.py", line 149, in get_template_from_string
    return Template(source, origin, name)
  File "/home/kalinins/.virtualenvs/blogik5/local/lib/python2.7/site-packages/django/template/base.py", line 125, in __init__
    self.nodelist = compile_string(template_string, origin)
  File "/home/kalinins/.virtualenvs/blogik5/local/lib/python2.7/site-packages/django/template/base.py", line 153, in compile_string
    return parser.parse()
  File "/home/kalinins/.virtualenvs/blogik5/local/lib/python2.7/site-packages/django/template/base.py", line 278, in parse
    compiled_result = compile_func(self, token)
  File "/home/kalinins/.virtualenvs/blogik5/local/lib/python2.7/site-packages/django/template/defaulttags.py", line 1084, in load
    (taglib, e))
TemplateSyntaxError: 'tags_blogik5' is not a valid tag library: Template library tags_blogik5 not found, tried django.templatetags.tags_blogik5,django.contrib.admin.templatetags.tags_blogik5,django.contrib.staticfiles.templatetags.tags_blogik5,cms.templatetags.tags_blogik5,mptt.templatetags.tags_blogik5,menus.templatetags.tags_blogik5,sekizai.templatetags.tags_blogik5
Internal Server Error: /ru/
Traceback (most recent call last):
  File "/home/kalinins/.virtualenvs/blogik5/local/lib/python2.7/site-packages/django/core/handlers/base.py", line 137, in get_response
    response = response.render()
  File "/home/kalinins/.virtualenvs/blogik5/local/lib/python2.7/site-packages/django/template/response.py", line 105, in render
    self.content = self.rendered_content
  File "/home/kalinins/.virtualenvs/blogik5/local/lib/python2.7/site-packages/django/template/response.py", line 82, in rendered_content
    content = template.render(context)
  File "/home/kalinins/.virtualenvs/blogik5/local/lib/python2.7/site-packages/django/template/base.py", line 140, in render
    return self._render(context)
  File "/home/kalinins/.virtualenvs/blogik5/local/lib/python2.7/site-packages/django/template/base.py", line 134, in _render
    return self.nodelist.render(context)
  File "/home/kalinins/.virtualenvs/blogik5/local/lib/python2.7/site-packages/django/template/base.py", line 840, in render
    bit = self.render_node(node, context)
  File "/home/kalinins/.virtualenvs/blogik5/local/lib/python2.7/site-packages/django/template/debug.py", line 78, in render_node
    return node.render(context)
  File "/home/kalinins/.virtualenvs/blogik5/local/lib/python2.7/site-packages/django/template/loader_tags.py", line 101, in render
    compiled_parent = self.get_parent(context)
  File "/home/kalinins/.virtualenvs/blogik5/local/lib/python2.7/site-packages/django/template/loader_tags.py", line 98, in get_parent
    return get_template(parent)
  File "/home/kalinins/.virtualenvs/blogik5/local/lib/python2.7/site-packages/django/template/loader.py", line 138, in get_template
    template, origin = find_template(template_name)
  File "/home/kalinins/.virtualenvs/blogik5/local/lib/python2.7/site-packages/django/template/loader.py", line 127, in find_template
    source, display_name = loader(name, dirs)
  File "/home/kalinins/.virtualenvs/blogik5/local/lib/python2.7/site-packages/django/template/loader.py", line 43, in __call__
    return self.load_template(template_name, template_dirs)
  File "/home/kalinins/.virtualenvs/blogik5/local/lib/python2.7/site-packages/django/template/loader.py", line 49, in load_template
    template = get_template_from_string(source, origin, template_name)
  File "/home/kalinins/.virtualenvs/blogik5/local/lib/python2.7/site-packages/django/template/loader.py", line 149, in get_template_from_string
    return Template(source, origin, name)
  File "/home/kalinins/.virtualenvs/blogik5/local/lib/python2.7/site-packages/django/template/base.py", line 125, in __init__
    self.nodelist = compile_string(template_string, origin)
  File "/home/kalinins/.virtualenvs/blogik5/local/lib/python2.7/site-packages/django/template/base.py", line 153, in compile_string
    return parser.parse()
  File "/home/kalinins/.virtualenvs/blogik5/local/lib/python2.7/site-packages/django/template/base.py", line 278, in parse
    compiled_result = compile_func(self, token)
  File "/home/kalinins/.virtualenvs/blogik5/local/lib/python2.7/site-packages/django/template/defaulttags.py", line 1084, in load
    (taglib, e))
TemplateSyntaxError: 'tags_blogik5' is not a valid tag library: Template library tags_blogik5 not found, tried django.templatetags.tags_blogik5,django.contrib.admin.templatetags.tags_blogik5,django.contrib.staticfiles.templatetags.tags_blogik5,cms.templatetags.tags_blogik5,mptt.templatetags.tags_blogik5,menus.templatetags.tags_blogik5,sekizai.templatetags.tags_blogik5
Internal Server Error: /ru/
Traceback (most recent call last):
  File "/home/kalinins/.virtualenvs/blogik5/local/lib/python2.7/site-packages/django/core/handlers/base.py", line 137, in get_response
    response = response.render()
  File "/home/kalinins/.virtualenvs/blogik5/local/lib/python2.7/site-packages/django/template/response.py", line 105, in render
    self.content = self.rendered_content
  File "/home/kalinins/.virtualenvs/blogik5/local/lib/python2.7/site-packages/django/template/response.py", line 82, in rendered_content
    content = template.render(context)
  File "/home/kalinins/.virtualenvs/blogik5/local/lib/python2.7/site-packages/django/template/base.py", line 140, in render
    return self._render(context)
  File "/home/kalinins/.virtualenvs/blogik5/local/lib/python2.7/site-packages/django/template/base.py", line 134, in _render
    return self.nodelist.render(context)
  File "/home/kalinins/.virtualenvs/blogik5/local/lib/python2.7/site-packages/django/template/base.py", line 840, in render
    bit = self.render_node(node, context)
  File "/home/kalinins/.virtualenvs/blogik5/local/lib/python2.7/site-packages/django/template/debug.py", line 78, in render_node
    return node.render(context)
  File "/home/kalinins/.virtualenvs/blogik5/local/lib/python2.7/site-packages/django/template/loader_tags.py", line 101, in render
    compiled_parent = self.get_parent(context)
  File "/home/kalinins/.virtualenvs/blogik5/local/lib/python2.7/site-packages/django/template/loader_tags.py", line 98, in get_parent
    return get_template(parent)
  File "/home/kalinins/.virtualenvs/blogik5/local/lib/python2.7/site-packages/django/template/loader.py", line 138, in get_template
    template, origin = find_template(template_name)
  File "/home/kalinins/.virtualenvs/blogik5/local/lib/python2.7/site-packages/django/template/loader.py", line 127, in find_template
    source, display_name = loader(name, dirs)
  File "/home/kalinins/.virtualenvs/blogik5/local/lib/python2.7/site-packages/django/template/loader.py", line 43, in __call__
    return self.load_template(template_name, template_dirs)
  File "/home/kalinins/.virtualenvs/blogik5/local/lib/python2.7/site-packages/django/template/loader.py", line 49, in load_template
    template = get_template_from_string(source, origin, template_name)
  File "/home/kalinins/.virtualenvs/blogik5/local/lib/python2.7/site-packages/django/template/loader.py", line 149, in get_template_from_string
    return Template(source, origin, name)
  File "/home/kalinins/.virtualenvs/blogik5/local/lib/python2.7/site-packages/django/template/base.py", line 125, in __init__
    self.nodelist = compile_string(template_string, origin)
  File "/home/kalinins/.virtualenvs/blogik5/local/lib/python2.7/site-packages/django/template/base.py", line 153, in compile_string
    return parser.parse()
  File "/home/kalinins/.virtualenvs/blogik5/local/lib/python2.7/site-packages/django/template/base.py", line 278, in parse
    compiled_result = compile_func(self, token)
  File "/home/kalinins/.virtualenvs/blogik5/local/lib/python2.7/site-packages/django/template/defaulttags.py", line 1084, in load
    (taglib, e))
TemplateSyntaxError: 'tags_blogik5' is not a valid tag library: Template library tags_blogik5 not found, tried django.templatetags.tags_blogik5,django.contrib.admin.templatetags.tags_blogik5,django.contrib.staticfiles.templatetags.tags_blogik5,cms.templatetags.tags_blogik5,mptt.templatetags.tags_blogik5,menus.templatetags.tags_blogik5,sekizai.templatetags.tags_blogik5
